============================================================
🚀 开始导入 CDISC SDTM Terminology
============================================================
📄 Excel文件: /Users/wgl/Desktop/LLX Solutions 0722/LLXExcel/backend/Resource/CDISC SDTM Terminology_20250328.xls
📅 版本日期: 2025-03-28
🔌 连接MongoDB: mongodb+srv://xixili0818:QWERasdf1234@cluster0.cfd61nz.mongodb.net/?retryWrites=true&w=majority&appName=Cluster0
✅ MongoDB连接成功
🗑️  清空集合: References.sdtm_terminology

📖 开始读取Excel文件（第二个sheet）...
✅ 读取成功（第二个sheet），总行数: 44856

🔍 开始解析文档结构...
  💾 批量写入 100 条文档（总计: 100 个大类，3031 个子项）
  💾 批量写入 100 条文档（总计: 200 个大类，6860 个子项）
  💾 批量写入 100 条文档（总计: 300 个大类，9289 个子项）
  💾 批量写入 100 条文档（总计: 400 个大类，12194 个子项）
  💾 批量写入 100 条文档（总计: 500 个大类，16325 个子项）
  💾 批量写入 100 条文档（总计: 600 个大类，22770 个子项）
  💾 批量写入 100 条文档（总计: 700 个大类，29088 个子项）
  💾 批量写入 100 条文档（总计: 800 个大类，31853 个子项）
  💾 批量写入 100 条文档（总计: 900 个大类，36227 个子项）
  💾 批量写入 100 条文档（总计: 1000 个大类，38282 个子项）
  💾 批量写入 100 条文档（总计: 1100 个大类，40825 个子项）
  💾 批量写入 58 条文档（总计: 1158 个大类，43698 个子项）

🔧 创建索引...
✅ 索引创建完成

🔍 验证导入结果...
✅ 导入完成！
   📊 总计大类: 1158
   📊 总计子项: 43698

============================================================
✅ SDTM Terminology 导入完成
============================================================

📝 示例查询:
  db.sdtm_terminology.find({ "codelist.name": "10-Meter Walk/Run Functional Test" })
  db.sdtm_terminology.find({ "items.submission_value": "TENMW1TC" })
  db.sdtm_terminology.countDocuments({})
